<?xml version="1.0" encoding="UTF-8"?>
<!-- Generated by org.testng.reporters.JUnitXMLReporter -->
<testsuite ignored="0" hostname="HP" failures="0" tests="3" name="Default test" time="9.709" errors="0" timestamp="2024-08-20T00:45:42 IST">
  <testcase classname="TestClasses.LoginTestDataProvider" name="loginDataProvider" time="1.186"/>
  <testcase classname="TestClasses.LoginTestDataProvider" name="loginDataProvider" time="1.051"/>
  <testcase classname="TestClasses.LoginTestDataProvider" name="loginDataProvider" time="0.972"/>
</testsuite> <!-- Default test -->
