<?xml version="1.0" encoding="UTF-8"?>
<!-- Generated by org.testng.reporters.JUnitXMLReporter -->
<testsuite ignored="0" hostname="HP" failures="0" tests="3" name="LogintestDataProvider" time="18.44" errors="0" timestamp="2024-08-21T21:25:38 IST">
  <testcase classname="TestClasses.LoginTestDataProvider" name="loginDataProvider" time="3.406"/>
  <testcase classname="TestClasses.LoginTestDataProvider" name="loginDataProvider" time="1.95"/>
  <testcase classname="TestClasses.LoginTestDataProvider" name="loginDataProvider" time="1.782"/>
</testsuite> <!-- LogintestDataProvider -->
