<?xml version="1.0" encoding="UTF-8"?>
<testng-results ignored="0" total="5" passed="4" failed="1" skipped="0">
  <reporter-output>
  </reporter-output>
  <suite started-at="2024-08-21T21:25:19 IST" name="Suite" finished-at="2024-08-21T21:25:38 IST" duration-ms="18440">
    <groups>
    </groups>
    <test started-at="2024-08-21T21:25:19 IST" name="LoginTest" finished-at="2024-08-21T21:25:28 IST" duration-ms="9232">
      <class name="TestClasses.LoginTest">
        <test-method signature="login()[pri:0, instance:TestClasses.LoginTest@10683d9d]" started-at="2024-08-21T21:25:19 IST" name="login" finished-at="2024-08-21T21:25:27 IST" duration-ms="7830" status="FAIL">
          <exception class="org.openqa.selenium.NoSuchElementException">
            <message>
              <![CDATA[no such element: Unable to locate element: {"method":"xpath","selector":"//h2[normalize-space()='My Account']"}
  (Session info: chrome=127.0.6533.120)
For documentation on this error, please visit: https://www.selenium.dev/documentation/webdriver/troubleshooting/errors#no-such-element-exception
Build info: version: '4.23.1', revision: '656257d8e9'
System info: os.name: 'Windows 11', os.arch: 'amd64', os.version: '10.0', java.version: '22.0.1'
Driver info: org.openqa.selenium.chrome.ChromeDriver
Command: [b4b81db488ac86d0bb8d1a2617a2229a, findElement {using=xpath, value=//h2[normalize-space()='My Account']}]
Capabilities {acceptInsecureCerts: false, browserName: chrome, browserVersion: 127.0.6533.120, chrome: {chromedriverVersion: 127.0.6533.119 (bdef6783a05..., userDataDir: C:\Users\dipti\AppData\Loca...}, fedcm:accounts: true, goog:chromeOptions: {debuggerAddress: localhost:56088}, networkConnectionEnabled: false, pageLoadStrategy: normal, platformName: windows, proxy: Proxy(), se:cdp: ws://localhost:56088/devtoo..., se:cdpVersion: 127.0.6533.120, setWindowRect: true, strictFileInteractability: false, timeouts: {implicit: 0, pageLoad: 300000, script: 30000}, unhandledPromptBehavior: dismiss and notify, webauthn:extension:credBlob: true, webauthn:extension:largeBlob: true, webauthn:extension:minPinLength: true, webauthn:extension:prf: true, webauthn:virtualAuthenticators: true}
Session ID: b4b81db488ac86d0bb8d1a2617a2229a]]>
            </message>
            <full-stacktrace>
              <![CDATA[org.openqa.selenium.NoSuchElementException: no such element: Unable to locate element: {"method":"xpath","selector":"//h2[normalize-space()='My Account']"}
  (Session info: chrome=127.0.6533.120)
For documentation on this error, please visit: https://www.selenium.dev/documentation/webdriver/troubleshooting/errors#no-such-element-exception
Build info: version: '4.23.1', revision: '656257d8e9'
System info: os.name: 'Windows 11', os.arch: 'amd64', os.version: '10.0', java.version: '22.0.1'
Driver info: org.openqa.selenium.chrome.ChromeDriver
Command: [b4b81db488ac86d0bb8d1a2617a2229a, findElement {using=xpath, value=//h2[normalize-space()='My Account']}]
Capabilities {acceptInsecureCerts: false, browserName: chrome, browserVersion: 127.0.6533.120, chrome: {chromedriverVersion: 127.0.6533.119 (bdef6783a05..., userDataDir: C:\Users\dipti\AppData\Loca...}, fedcm:accounts: true, goog:chromeOptions: {debuggerAddress: localhost:56088}, networkConnectionEnabled: false, pageLoadStrategy: normal, platformName: windows, proxy: Proxy(), se:cdp: ws://localhost:56088/devtoo..., se:cdpVersion: 127.0.6533.120, setWindowRect: true, strictFileInteractability: false, timeouts: {implicit: 0, pageLoad: 300000, script: 30000}, unhandledPromptBehavior: dismiss and notify, webauthn:extension:credBlob: true, webauthn:extension:largeBlob: true, webauthn:extension:minPinLength: true, webauthn:extension:prf: true, webauthn:virtualAuthenticators: true}
Session ID: b4b81db488ac86d0bb8d1a2617a2229a
at java.base/jdk.internal.reflect.DirectConstructorHandleAccessor.newInstance(DirectConstructorHandleAccessor.java:62)
at java.base/java.lang.reflect.Constructor.newInstanceWithCaller(Constructor.java:502)
at java.base/java.lang.reflect.Constructor.newInstance(Constructor.java:486)
at org.openqa.selenium.remote.ErrorCodec.decode(ErrorCodec.java:167)
at org.openqa.selenium.remote.codec.w3c.W3CHttpResponseCodec.decode(W3CHttpResponseCodec.java:138)
at org.openqa.selenium.remote.codec.w3c.W3CHttpResponseCodec.decode(W3CHttpResponseCodec.java:50)
at org.openqa.selenium.remote.HttpCommandExecutor.execute(HttpCommandExecutor.java:190)
at org.openqa.selenium.remote.service.DriverCommandExecutor.invokeExecute(DriverCommandExecutor.java:216)
at org.openqa.selenium.remote.service.DriverCommandExecutor.execute(DriverCommandExecutor.java:174)
at org.openqa.selenium.remote.RemoteWebDriver.execute(RemoteWebDriver.java:545)
at org.openqa.selenium.remote.ElementLocation$ElementFinder$2.findElement(ElementLocation.java:165)
at org.openqa.selenium.remote.ElementLocation.findElement(ElementLocation.java:59)
at org.openqa.selenium.remote.RemoteWebDriver.findElement(RemoteWebDriver.java:368)
at org.openqa.selenium.remote.RemoteWebDriver.findElement(RemoteWebDriver.java:362)
at org.openqa.selenium.support.pagefactory.DefaultElementLocator.findElement(DefaultElementLocator.java:68)
at org.openqa.selenium.support.pagefactory.internal.LocatingElementHandler.invoke(LocatingElementHandler.java:38)
at jdk.proxy2/jdk.proxy2.$Proxy10.isDisplayed(Unknown Source)
at TestClasses.LoginTest.login(LoginTest.java:35)
at java.base/jdk.internal.reflect.DirectMethodHandleAccessor.invoke(DirectMethodHandleAccessor.java:103)
at java.base/java.lang.reflect.Method.invoke(Method.java:580)
at org.testng.internal.invokers.MethodInvocationHelper.invokeMethod(MethodInvocationHelper.java:141)
at org.testng.internal.invokers.TestInvoker.invokeMethod(TestInvoker.java:686)
at org.testng.internal.invokers.TestInvoker.invokeTestMethod(TestInvoker.java:230)
at org.testng.internal.invokers.MethodRunner.runInSequence(MethodRunner.java:63)
at org.testng.internal.invokers.TestInvoker$MethodInvocationAgent.invoke(TestInvoker.java:992)
at org.testng.internal.invokers.TestInvoker.invokeTestMethods(TestInvoker.java:203)
at org.testng.internal.invokers.TestMethodWorker.invokeTestMethods(TestMethodWorker.java:154)
at org.testng.internal.invokers.TestMethodWorker.run(TestMethodWorker.java:134)
at java.base/java.util.ArrayList.forEach(ArrayList.java:1597)
at org.testng.TestRunner.privateRun(TestRunner.java:739)
at org.testng.TestRunner.run(TestRunner.java:614)
at org.testng.SuiteRunner.runTest(SuiteRunner.java:421)
at org.testng.SuiteRunner$SuiteWorker.run(SuiteRunner.java:463)
at org.testng.internal.thread.ThreadUtil.lambda$execute$0(ThreadUtil.java:64)
at java.base/java.util.concurrent.FutureTask.run(FutureTask.java:317)
at java.base/java.util.concurrent.ThreadPoolExecutor.runWorker(ThreadPoolExecutor.java:1144)
at java.base/java.util.concurrent.ThreadPoolExecutor$Worker.run(ThreadPoolExecutor.java:642)
at java.base/java.lang.Thread.run(Thread.java:1570)
]]>
            </full-stacktrace>
          </exception> <!-- org.openqa.selenium.NoSuchElementException -->
          <reporter-output>
          </reporter-output>
        </test-method> <!-- login -->
        <test-method is-config="true" signature="tearDown()[pri:0, instance:TestClasses.LoginTest@10683d9d]" started-at="2024-08-21T21:25:28 IST" name="tearDown" finished-at="2024-08-21T21:25:28 IST" duration-ms="893" status="PASS">
          <reporter-output>
          </reporter-output>
        </test-method> <!-- tearDown -->
      </class> <!-- TestClasses.LoginTest -->
    </test> <!-- LoginTest -->
    <test started-at="2024-08-21T21:25:19 IST" name="RegisterTest" finished-at="2024-08-21T21:25:31 IST" duration-ms="12177">
      <class name="TestClasses.RegisterTest">
        <test-method signature="register()[pri:0, instance:TestClasses.RegisterTest@dd05255]" started-at="2024-08-21T21:25:19 IST" name="register" finished-at="2024-08-21T21:25:30 IST" duration-ms="11158" status="PASS">
          <reporter-output>
          </reporter-output>
        </test-method> <!-- register -->
        <test-method is-config="true" signature="tearDown()[pri:0, instance:TestClasses.RegisterTest@dd05255]" started-at="2024-08-21T21:25:30 IST" name="tearDown" finished-at="2024-08-21T21:25:31 IST" duration-ms="982" status="PASS">
          <reporter-output>
          </reporter-output>
        </test-method> <!-- tearDown -->
      </class> <!-- TestClasses.RegisterTest -->
    </test> <!-- RegisterTest -->
    <test started-at="2024-08-21T21:25:19 IST" name="LogintestDataProvider" finished-at="2024-08-21T21:25:38 IST" duration-ms="18440">
      <class name="TestClasses.LoginTestDataProvider">
        <test-method is-config="true" signature="openApplication()[pri:0, instance:TestClasses.LoginTestDataProvider@4f83df68]" started-at="2024-08-21T21:25:19 IST" name="openApplication" finished-at="2024-08-21T21:25:23 IST" duration-ms="3965" status="PASS">
          <reporter-output>
          </reporter-output>
        </test-method> <!-- openApplication -->
        <test-method signature="loginDataProvider(java.lang.String,java.lang.String,java.lang.String)[pri:0, instance:TestClasses.LoginTestDataProvider@4f83df68]" started-at="2024-08-21T21:25:23 IST" name="loginDataProvider" data-provider="getLoginData" finished-at="2024-08-21T21:25:27 IST" duration-ms="3406" status="PASS">
          <params>
            <param index="0">
              <value>
                <![CDATA[studyspace0202@gmail.com]]>
              </value>
            </param>
            <param index="1">
              <value>
                <![CDATA[Second@123]]>
              </value>
            </param>
            <param index="2">
              <value>
                <![CDATA[Failure]]>
              </value>
            </param>
          </params>
          <reporter-output>
          </reporter-output>
        </test-method> <!-- loginDataProvider -->
        <test-method is-config="true" signature="tearDown()[pri:0, instance:TestClasses.LoginTestDataProvider@4f83df68]" started-at="2024-08-21T21:25:27 IST" name="tearDown" finished-at="2024-08-21T21:25:28 IST" duration-ms="998" status="PASS">
          <reporter-output>
          </reporter-output>
        </test-method> <!-- tearDown -->
        <test-method is-config="true" signature="openApplication()[pri:0, instance:TestClasses.LoginTestDataProvider@4f83df68]" started-at="2024-08-21T21:25:28 IST" name="openApplication" finished-at="2024-08-21T21:25:31 IST" duration-ms="3647" status="PASS">
          <reporter-output>
          </reporter-output>
        </test-method> <!-- openApplication -->
        <test-method signature="loginDataProvider(java.lang.String,java.lang.String,java.lang.String)[pri:0, instance:TestClasses.LoginTestDataProvider@4f83df68]" started-at="2024-08-21T21:25:31 IST" name="loginDataProvider" data-provider="getLoginData" finished-at="2024-08-21T21:25:33 IST" duration-ms="1950" status="PASS">
          <params>
            <param index="0">
              <value>
                <![CDATA[dummy@test.com]]>
              </value>
            </param>
            <param index="1">
              <value>
                <![CDATA[1234]]>
              </value>
            </param>
            <param index="2">
              <value>
                <![CDATA[Failure]]>
              </value>
            </param>
          </params>
          <reporter-output>
          </reporter-output>
        </test-method> <!-- loginDataProvider -->
        <test-method is-config="true" signature="tearDown()[pri:0, instance:TestClasses.LoginTestDataProvider@4f83df68]" started-at="2024-08-21T21:25:33 IST" name="tearDown" finished-at="2024-08-21T21:25:33 IST" duration-ms="195" status="PASS">
          <reporter-output>
          </reporter-output>
        </test-method> <!-- tearDown -->
        <test-method is-config="true" signature="openApplication()[pri:0, instance:TestClasses.LoginTestDataProvider@4f83df68]" started-at="2024-08-21T21:25:33 IST" name="openApplication" finished-at="2024-08-21T21:25:36 IST" duration-ms="2332" status="PASS">
          <reporter-output>
          </reporter-output>
        </test-method> <!-- openApplication -->
        <test-method signature="loginDataProvider(java.lang.String,java.lang.String,java.lang.String)[pri:0, instance:TestClasses.LoginTestDataProvider@4f83df68]" started-at="2024-08-21T21:25:36 IST" name="loginDataProvider" data-provider="getLoginData" finished-at="2024-08-21T21:25:38 IST" duration-ms="1782" status="PASS">
          <params>
            <param index="0">
              <value>
                <![CDATA[study@gmail.com]]>
              </value>
            </param>
            <param index="1">
              <value>
                <![CDATA[12345]]>
              </value>
            </param>
            <param index="2">
              <value>
                <![CDATA[Failure]]>
              </value>
            </param>
          </params>
          <reporter-output>
          </reporter-output>
        </test-method> <!-- loginDataProvider -->
        <test-method is-config="true" signature="tearDown()[pri:0, instance:TestClasses.LoginTestDataProvider@4f83df68]" started-at="2024-08-21T21:25:38 IST" name="tearDown" finished-at="2024-08-21T21:25:38 IST" duration-ms="93" status="PASS">
          <reporter-output>
          </reporter-output>
        </test-method> <!-- tearDown -->
      </class> <!-- TestClasses.LoginTestDataProvider -->
    </test> <!-- LogintestDataProvider -->
  </suite> <!-- Suite -->
</testng-results>
